<?xml version="1.0" encoding="UTF-8"?>
<!-- Generated by org.testng.reporters.JUnitXMLReporter -->
<testsuite hostname="Marion" ignored="0" name="Surefire test" tests="11" failures="0" timestamp="2020-04-14T14:37:52 CEST" time="22.184" errors="0">
  <testcase name="champVideTest" time="1.748" classname="selenium.InterfaceWebErreurDeSaisieTest"/>
  <testcase name="interfaceTest" time="0.051" classname="selenium.InterfaceWebErreurDeSaisieTest"/>
  <testcase name="textTest" time="0.521" classname="selenium.InterfaceWebErreurDeSaisieTest"/>
  <testcase name="virguleTest" time="0.486" classname="selenium.InterfaceWebErreurDeSaisieTest"/>
  <testcase name="completionNegativeTest" time="2.745" classname="selenium.InterfaceWebTest"/>
  <testcase name="completionTest" time="1.437" classname="selenium.InterfaceWebTest"/>
  <testcase name="interfaceTest" time="0.052" classname="selenium.InterfaceWebTest"/>
  <testcase name="DistanceTest" time="0.001" classname="testunit.PointDistanceTest"/>
  <testcase name="TriangleIsoceleTest" time="0.002" classname="testunit.TriangleTest"/>
  <testcase name="TriangleRectangleTest" time="0.001" classname="testunit.TriangleTest"/>
  <testcase name="TriangleScaleneTest" time="0.0" classname="testunit.TriangleTest"/>
</testsuite> <!-- Surefire test -->
