<?xml version="1.0" encoding="UTF-8"?>
<testng-results skipped="0" failed="0" ignored="0" total="1" passed="1">
  <reporter-output>
  </reporter-output>
  <suite name="Surefire suite" duration-ms="63" started-at="2020-04-09T16:33:14 CEST" finished-at="2020-04-09T16:33:14 CEST">
    <groups>
    </groups>
    <test name="Surefire test" duration-ms="63" started-at="2020-04-09T16:33:14 CEST" finished-at="2020-04-09T16:33:14 CEST">
      <class name="testunit.PointDistanceTest">
        <test-method status="PASS" signature="init()[pri:0, instance:testunit.PointDistanceTest@3c0ecd4b]" name="init" is-config="true" duration-ms="32" started-at="2020-04-09T16:33:14 CEST" finished-at="2020-04-09T16:33:14 CEST">
          <reporter-output>
          </reporter-output>
        </test-method> <!-- init -->
        <test-method status="PASS" signature="DistanceTest()[pri:0, instance:testunit.PointDistanceTest@3c0ecd4b]" name="DistanceTest" duration-ms="0" started-at="2020-04-09T16:33:14 CEST" finished-at="2020-04-09T16:33:14 CEST">
          <reporter-output>
          </reporter-output>
        </test-method> <!-- DistanceTest -->
        <test-method status="PASS" signature="fin()[pri:0, instance:testunit.PointDistanceTest@3c0ecd4b]" name="fin" is-config="true" duration-ms="0" started-at="2020-04-09T16:33:14 CEST" finished-at="2020-04-09T16:33:14 CEST">
          <reporter-output>
          </reporter-output>
        </test-method> <!-- fin -->
      </class> <!-- testunit.PointDistanceTest -->
    </test> <!-- Surefire test -->
  </suite> <!-- Surefire suite -->
</testng-results>
