<?xml version="1.0" encoding="UTF-8"?>
<testng-results skipped="0" failed="0" ignored="0" total="1" passed="1">
  <reporter-output>
  </reporter-output>
  <suite name="Default suite" duration-ms="62" started-at="2020-04-02T15:00:27 CEST" finished-at="2020-04-02T15:00:27 CEST">
    <groups>
    </groups>
    <test name="Default test" duration-ms="62" started-at="2020-04-02T15:00:27 CEST" finished-at="2020-04-02T15:00:27 CEST">
      <class name="testunit.PointDistanceTest">
        <test-method status="PASS" signature="init()[pri:0, instance:testunit.PointDistanceTest@5d76b067]" name="init" is-config="true" duration-ms="15" started-at="2020-04-02T15:00:27 CEST" finished-at="2020-04-02T15:00:27 CEST">
          <reporter-output>
          </reporter-output>
        </test-method> <!-- init -->
        <test-method status="PASS" signature="DistanceTest()[pri:0, instance:testunit.PointDistanceTest@5d76b067]" name="DistanceTest" duration-ms="0" started-at="2020-04-02T15:00:27 CEST" finished-at="2020-04-02T15:00:27 CEST">
          <reporter-output>
          </reporter-output>
        </test-method> <!-- DistanceTest -->
        <test-method status="PASS" signature="fin()[pri:0, instance:testunit.PointDistanceTest@5d76b067]" name="fin" is-config="true" duration-ms="0" started-at="2020-04-02T15:00:27 CEST" finished-at="2020-04-02T15:00:27 CEST">
          <reporter-output>
          </reporter-output>
        </test-method> <!-- fin -->
      </class> <!-- testunit.PointDistanceTest -->
    </test> <!-- Default test -->
  </suite> <!-- Default suite -->
</testng-results>
